<?xml version="1.0" encoding="utf-8"?><testsuites name="pytest tests"><testsuite name="pytest" errors="0" failures="0" skipped="0" tests="5" time="1.301" timestamp="2026-05-01T11:57:04.199387+00:00" hostname="agent-env-d55edd46-ebd5-4786-a669-a3e7d0a5762f"><testcase classname="backend.tests.test_clinic_api" name="test_root" time="0.346" /><testcase classname="backend.tests.test_clinic_api" name="test_get_clinic" time="0.055" /><testcase classname="backend.tests.test_clinic_api" name="test_create_appointment_and_persist" time="0.149" /><testcase classname="backend.tests.test_clinic_api" name="test_create_appointment_validation_missing_fields" time="0.081" /><testcase classname="backend.tests.test_clinic_api" name="test_create_appointment_validation_short_name" time="0.056" /></testsuite></testsuites>